<?xml version="1.0" encoding="UTF-8"?>
<!-- Generated by org.testng.reporters.JUnitReportReporter -->
<testsuite hostname="DESKTOP-0CCPETD" failures="0" tests="1" name="GitTest.runTest" time="0.017" errors="0" timestamp="2022-07-15T16:12:09 IST" skipped="0">
  <testcase classname="GitTest.runTest" name="runnerTest" time="0.017"/>
  <system-out/>
</testsuite> <!-- GitTest.runTest -->
